Arguments: 
  /usr/local/bin/node /usr/local/bin/yarn

PATH: 
  /Users/nacho/Library/pnpm:/usr/local/bin:/usr/bin:/bin:/usr/sbin:/sbin:/Library/Apple/usr/bin:/Users/nacho/Library/pnpm:/Users/nacho/.fig/bin

Yarn version: 
  1.22.10

Node version: 
  16.15.0

Platform: 
  darwin x64

Trace: 
  SyntaxError: /Users/nacho/fomf/repositories/front-end-engineer-task-mockend/package.json: Unexpected end of JSON input
      at JSON.parse (<anonymous>)
      at /usr/local/lib/node_modules/yarn/lib/cli.js:1625:59
      at Generator.next (<anonymous>)
      at step (/usr/local/lib/node_modules/yarn/lib/cli.js:310:30)
      at /usr/local/lib/node_modules/yarn/lib/cli.js:321:13

npm manifest: 
  

yarn manifest: 
  No manifest

Lockfile: 
  No lockfile
